Release 14.7 - xst P.20131013 (nt)
Copyright (c) 1995-2013 Xilinx, Inc.  All rights reserved.
--> Parameter TMPDIR set to xst/projnav.tmp


Total REAL time to Xst completion: 0.00 secs
Total CPU time to Xst completion: 0.08 secs
 
--> Parameter xsthdpdir set to xst


Total REAL time to Xst completion: 0.00 secs
Total CPU time to Xst completion: 0.08 secs
 
--> Reading design: debounce.prj

TABLE OF CONTENTS
  1) Synthesis Options Summary
  2) HDL Parsing
  3) HDL Elaboration
  4) HDL Synthesis
       4.1) HDL Synthesis Report
  5) Advanced HDL Synthesis
       5.1) Advanced HDL Synthesis Report
  6) Low Level Synthesis
  7) Partition Report
  8) Design Summary
       8.1) Primitive and Black Box Usage
       8.2) Device utilization summary
       8.3) Partition Resource Summary
       8.4) Timing Report
            8.4.1) Clock Information
            8.4.2) Asynchronous Control Signals Information
            8.4.3) Timing Summary
            8.4.4) Timing Details
            8.4.5) Cross Clock Domains Report


=========================================================================
*                      Synthesis Options Summary                        *
=========================================================================
---- Source Parameters
Input File Name                    : "debounce.prj"
Ignore Synthesis Constraint File   : NO

---- Target Parameters
Output File Name                   : "debounce"
Output Format                      : NGC
Target Device                      : xc6slx16-3-csg324

---- Source Options
Top Module Name                    : debounce
Automatic FSM Extraction           : YES
FSM Encoding Algorithm             : Auto
Safe Implementation                : No
FSM Style                          : LUT
RAM Extraction                     : Yes
RAM Style                          : Auto
ROM Extraction                     : Yes
Shift Register Extraction          : YES
ROM Style                          : Auto
Resource Sharing                   : YES
Asynchronous To Synchronous        : NO
Shift Register Minimum Size        : 2
Use DSP Block                      : Auto
Automatic Register Balancing       : No

---- Target Options
LUT Combining                      : Auto
Reduce Control Sets                : Auto
Add IO Buffers                     : YES
Global Maximum Fanout              : 100000
Add Generic Clock Buffer(BUFG)     : 16
Register Duplication               : YES
Optimize Instantiated Primitives   : NO
Use Clock Enable                   : Auto
Use Synchronous Set                : Auto
Use Synchronous Reset              : Auto
Pack IO Registers into IOBs        : Auto
Equivalent register Removal        : YES

---- General Options
Optimization Goal                  : Speed
Optimization Effort                : 1
Power Reduction                    : NO
Keep Hierarchy                     : No
Netlist Hierarchy                  : As_Optimized
RTL Output                         : Yes
Global Optimization                : AllClockNets
Read Cores                         : YES
Write Timing Constraints           : NO
Cross Clock Analysis               : NO
Hierarchy Separator                : /
Bus Delimiter                      : <>
Case Specifier                     : Maintain
Slice Utilization Ratio            : 100
BRAM Utilization Ratio             : 100
DSP48 Utilization Ratio            : 100
Auto BRAM Packing                  : NO
Slice Utilization Ratio Delta      : 5

=========================================================================


=========================================================================
*                          HDL Parsing                                  *
=========================================================================
Parsing VHDL file "C:\Users\TEMP.DIEM.022\Desktop\Nouveau dossier\Nouveau dossier\debouncing\debouncing.vhd" into library work
Parsing entity <debounce>.
Parsing architecture <logic> of entity <debounce>.

=========================================================================
*                            HDL Elaboration                            *
=========================================================================

Elaborating entity <debounce> (architecture <logic>) with generics from library <work>.

=========================================================================
*                           HDL Synthesis                               *
=========================================================================

Synthesizing Unit <debounce>.
    Related source file is "C:\Users\TEMP.DIEM.022\Desktop\Nouveau dossier\Nouveau dossier\debouncing\debouncing.vhd".
        clk_freq = 100000000
        stable_time = 10
    Found 2-bit register for signal <flipflops>.
    Found 1-bit register for signal <result>.
    Found 20-bit register for signal <count>.
    Found 20-bit adder for signal <count[19]_GND_3_o_add_1_OUT> created at line 59.
    Found 20-bit comparator greater for signal <count[19]_PWR_3_o_LessThan_1_o> created at line 58
    Summary:
	inferred   1 Adder/Subtractor(s).
	inferred  23 D-type flip-flop(s).
	inferred   1 Comparator(s).
Unit <debounce> synthesized.

=========================================================================
HDL Synthesis Report

Macro Statistics
# Adders/Subtractors                                   : 1
 20-bit adder                                          : 1
# Registers                                            : 3
 1-bit register                                        : 1
 2-bit register                                        : 1
 20-bit register                                       : 1
# Comparators                                          : 1
 20-bit comparator greater                             : 1
# Xors                                                 : 1
 1-bit xor2                                            : 1

=========================================================================

=========================================================================
*                       Advanced HDL Synthesis                          *
=========================================================================


Synthesizing (advanced) Unit <debounce>.
The following registers are absorbed into counter <count>: 1 register on signal <count>.
Unit <debounce> synthesized (advanced).

=========================================================================
Advanced HDL Synthesis Report

Macro Statistics
# Counters                                             : 1
 20-bit up counter                                     : 1
# Registers                                            : 3
 Flip-Flops                                            : 3
# Comparators                                          : 1
 20-bit comparator greater                             : 1
# Xors                                                 : 1
 1-bit xor2                                            : 1

=========================================================================

=========================================================================
*                         Low Level Synthesis                           *
=========================================================================

Optimizing unit <debounce> ...

Mapping all equations...
Building and optimizing final netlist ...
Found area constraint ratio of 100 (+ 5) on block debounce, actual ratio is 0.

Final Macro Processing ...

=========================================================================
Final Register Report

Macro Statistics
# Registers                                            : 23
 Flip-Flops                                            : 23

=========================================================================

=========================================================================
*                           Partition Report                            *
=========================================================================

Partition Implementation Status
-------------------------------

  No Partitions were found in this design.

-------------------------------

=========================================================================
*                            Design Summary                             *
=========================================================================

Top Level Output File Name         : debounce.ngc

Primitive and Black Box Usage:
------------------------------
# BELS                             : 88
#      GND                         : 1
#      INV                         : 2
#      LUT1                        : 19
#      LUT3                        : 22
#      LUT4                        : 1
#      LUT6                        : 3
#      MUXCY                       : 19
#      VCC                         : 1
#      XORCY                       : 20
# FlipFlops/Latches                : 23
#      FDC                         : 2
#      FDCE                        : 1
#      FDRE                        : 20
# Clock Buffers                    : 1
#      BUFGP                       : 1
# IO Buffers                       : 3
#      IBUF                        : 2
#      OBUF                        : 1

Device utilization summary:
---------------------------

Selected Device : 6slx16csg324-3 


Slice Logic Utilization: 
 Number of Slice Registers:              23  out of  18224     0%  
 Number of Slice LUTs:                   47  out of   9112     0%  
    Number used as Logic:                47  out of   9112     0%  

Slice Logic Distribution: 
 Number of LUT Flip Flop pairs used:     48
   Number with an unused Flip Flop:      25  out of     48    52%  
   Number with an unused LUT:             1  out of     48     2%  
   Number of fully used LUT-FF pairs:    22  out of     48    45%  
   Number of unique control sets:         3

IO Utilization: 
 Number of IOs:                           4
 Number of bonded IOBs:                   4  out of    232     1%  

Specific Feature Utilization:
 Number of BUFG/BUFGCTRLs:                1  out of     16     6%  

---------------------------
Partition Resource Summary:
---------------------------

  No Partitions were found in this design.

---------------------------


=========================================================================
Timing Report

NOTE: THESE TIMING NUMBERS ARE ONLY A SYNTHESIS ESTIMATE.
      FOR ACCURATE TIMING INFORMATION PLEASE REFER TO THE TRACE REPORT
      GENERATED AFTER PLACE-and-ROUTE.

Clock Information:
------------------
-----------------------------------+------------------------+-------+
Clock Signal                       | Clock buffer(FF name)  | Load  |
-----------------------------------+------------------------+-------+
clk                                | BUFGP                  | 23    |
-----------------------------------+------------------------+-------+

Asynchronous Control Signals Information:
----------------------------------------
No asynchronous control signals found in this design

Timing Summary:
---------------
Speed Grade: -3

   Minimum period: 3.902ns (Maximum Frequency: 256.295MHz)
   Minimum input arrival time before clock: 4.311ns
   Maximum output required time after clock: 3.634ns
   Maximum combinational path delay: No path found

Timing Details:
---------------
All values displayed in nanoseconds (ns)

=========================================================================
Timing constraint: Default period analysis for Clock 'clk'
  Clock period: 3.902ns (frequency: 256.295MHz)
  Total number of paths / destination ports: 568 / 63
-------------------------------------------------------------------------
Delay:               3.902ns (Levels of Logic = 2)
  Source:            count_13 (FF)
  Destination:       count_0 (FF)
  Source Clock:      clk rising
  Destination Clock: clk rising

  Data Path: count_13 to count_0
                                Gate     Net
    Cell:in->out      fanout   Delay   Delay  Logical Name (Net Name)
    ----------------------------------------  ------------
     FDRE:C->Q             3   0.447   1.015  count_13 (count_13)
     LUT6:I0->O            2   0.203   0.617  count[19]_PWR_3_o_LessThan_1_o22 (count[19]_PWR_3_o_LessThan_1_o21)
     LUT6:I5->O           20   0.205   1.092  count[19]_PWR_3_o_LessThan_1_o23 (count[19]_PWR_3_o_LessThan_1_o)
     FDRE:CE                   0.322          count_0
    ----------------------------------------
    Total                      3.902ns (1.177ns logic, 2.725ns route)
                                       (30.2% logic, 69.8% route)

=========================================================================
Timing constraint: Default OFFSET IN BEFORE for Clock 'clk'
  Total number of paths / destination ports: 44 / 44
-------------------------------------------------------------------------
Offset:              4.311ns (Levels of Logic = 2)
  Source:            reset_n (PAD)
  Destination:       count_0 (FF)
  Destination Clock: clk rising

  Data Path: reset_n to count_0
                                Gate     Net
    Cell:in->out      fanout   Delay   Delay  Logical Name (Net Name)
    ----------------------------------------  ------------
     IBUF:I->O            22   1.222   1.362  reset_n_IBUF (reset_n_IBUF)
     LUT3:I0->O           20   0.205   1.092  _n00221 (_n0022)
     FDRE:R                    0.430          count_0
    ----------------------------------------
    Total                      4.311ns (1.857ns logic, 2.454ns route)
                                       (43.1% logic, 56.9% route)

=========================================================================
Timing constraint: Default OFFSET OUT AFTER for Clock 'clk'
  Total number of paths / destination ports: 1 / 1
-------------------------------------------------------------------------
Offset:              3.634ns (Levels of Logic = 1)
  Source:            result (FF)
  Destination:       result (PAD)
  Source Clock:      clk rising

  Data Path: result to result
                                Gate     Net
    Cell:in->out      fanout   Delay   Delay  Logical Name (Net Name)
    ----------------------------------------  ------------
     FDCE:C->Q             2   0.447   0.616  result (result_OBUF)
     OBUF:I->O                 2.571          result_OBUF (result)
    ----------------------------------------
    Total                      3.634ns (3.018ns logic, 0.616ns route)
                                       (83.0% logic, 17.0% route)

=========================================================================

Cross Clock Domains Report:
--------------------------

Clock to Setup on destination clock clk
---------------+---------+---------+---------+---------+
               | Src:Rise| Src:Fall| Src:Rise| Src:Fall|
Source Clock   |Dest:Rise|Dest:Rise|Dest:Fall|Dest:Fall|
---------------+---------+---------+---------+---------+
clk            |    3.902|         |         |         |
---------------+---------+---------+---------+---------+

=========================================================================


Total REAL time to Xst completion: 3.00 secs
Total CPU time to Xst completion: 3.49 secs
 
--> 

Total memory usage is 247240 kilobytes

Number of errors   :    0 (   0 filtered)
Number of warnings :    0 (   0 filtered)
Number of infos    :    0 (   0 filtered)

